<?xml version="1.0" encoding="UTF-8"?>
<!-- Generated by org.testng.reporters.JUnitReportReporter -->
<testsuite hostname="DESKTOP-NIB4TL4" failures="0" tests="4" name="testNGgrouping.MyClass2" time="0.013" errors="0" timestamp="2022-06-25T16:31:28 IST" skipped="0">
  <testcase classname="testNGgrouping.MyClass2" name="method10" time="0.003"/>
  <system-out>
    <![CDATA[My Method 10 is Running]]>
  </system-out>
  <testcase classname="testNGgrouping.MyClass2" name="method9" time="0.003"/>
  <system-out>
    <![CDATA[My Method 9 is Running]]>
  </system-out>
  <testcase classname="testNGgrouping.MyClass2" name="method6" time="0.002"/>
  <system-out>
    <![CDATA[My Method 6 is Running]]>
  </system-out>
  <testcase classname="testNGgrouping.MyClass2" name="method7" time="0.005"/>
  <system-out>
    <![CDATA[My Method 7 is Running]]>
  </system-out>
</testsuite> <!-- testNGgrouping.MyClass2 -->
