<?xml version="1.0" encoding="UTF-8"?>
<!-- Generated by org.testng.reporters.JUnitReportReporter -->
<testsuite hostname="DESKTOP-NIB4TL4" failures="0" tests="2" name="testngXMLuse.MyClass1" time="0.034" errors="0" timestamp="2022-06-25T16:23:41 IST" skipped="0">
  <testcase classname="testngXMLuse.MyClass1" name="method2" time="0.031"/>
  <system-out>
    <![CDATA[My Method 2 is Running]]>
  </system-out>
  <testcase classname="testngXMLuse.MyClass1" name="method4" time="0.003"/>
  <system-out>
    <![CDATA[My Method 4 is Running]]>
  </system-out>
</testsuite> <!-- testngXMLuse.MyClass1 -->
