<?xml version="1.0" encoding="UTF-8"?>
<!-- Generated by org.testng.reporters.JUnitReportReporter -->
<testsuite hostname="DESKTOP-NIB4TL4" failures="0" tests="4" name="testNGKeywords.PriorityUse" time="0.053" errors="0" timestamp="2022-06-25T15:58:25 IST" skipped="0">
  <testcase classname="testNGKeywords.PriorityUse" name="C" time="0.038"/>
  <system-out>
    <![CDATA[My Method C is Running]]>
  </system-out>
  <testcase classname="testNGKeywords.PriorityUse" name="A" time="0.008"/>
  <system-out>
    <![CDATA[My Method A is Running]]>
  </system-out>
  <testcase classname="testNGKeywords.PriorityUse" name="B" time="0.005"/>
  <system-out>
    <![CDATA[My Method B is Running]]>
  </system-out>
  <testcase classname="testNGKeywords.PriorityUse" name="D" time="0.002"/>
  <system-out>
    <![CDATA[My Method D is Running]]>
  </system-out>
</testsuite> <!-- testNGKeywords.PriorityUse -->
