<?xml version="1.0" encoding="UTF-8"?>
<!-- Generated by org.testng.reporters.JUnitReportReporter -->
<testsuite hostname="DESKTOP-NIB4TL4" failures="0" tests="5" name="testNGKeywords.DependsOnMethods" time="0.032" errors="0" timestamp="2022-06-25T16:14:12 IST" skipped="0">
  <testcase classname="testNGKeywords.DependsOnMethods" name="B" time="0.003"/>
  <system-out>
    <![CDATA[My Method B is Running]]>
  </system-out>
  <testcase classname="testNGKeywords.DependsOnMethods" name="A" time="0.007"/>
  <system-out>
    <![CDATA[My Method A is Running]]>
  </system-out>
  <testcase classname="testNGKeywords.DependsOnMethods" name="C" time="0.002"/>
  <system-out>
    <![CDATA[My Method C is Running]]>
  </system-out>
  <testcase classname="testNGKeywords.DependsOnMethods" name="E" time="0.003"/>
  <system-out>
    <![CDATA[My Method D is Running]]>
  </system-out>
  <testcase classname="testNGKeywords.DependsOnMethods" name="D" time="0.017"/>
  <system-out>
    <![CDATA[My Method D is Running]]>
  </system-out>
</testsuite> <!-- testNGKeywords.DependsOnMethods -->
