<?xml version="1.0" encoding="UTF-8"?>
<!-- Generated by org.testng.reporters.JUnitReportReporter -->
<testsuite hostname="DESKTOP-NIB4TL4" failures="0" tests="2" name="testNGListener.UseOfXMLforListener" time="0.009" errors="0" timestamp="2022-06-23T16:49:27 IST" skipped="0">
  <testcase classname="testNGListener.UseOfXMLforListener" name="Method2" time="0.003"/>
  <system-out>
    <![CDATA[Method2 is running
TC is Passed
TC is Success Method2]]>
  </system-out>
  <testcase classname="testNGListener.UseOfXMLforListener" name="Method1" time="0.006"/>
  <system-out>
    <![CDATA[Method1 is running
TC is Passed
TC is Success Method1]]>
  </system-out>
</testsuite> <!-- testNGListener.UseOfXMLforListener -->
