<?xml version="1.0" encoding="UTF-8"?>
<!-- Generated by org.testng.reporters.JUnitReportReporter -->
<testsuite hostname="DESKTOP-NIB4TL4" failures="0" tests="4" name="testNGKeywords.TimeOut" time="0.034" errors="0" timestamp="2022-06-25T16:02:17 IST" skipped="0">
  <testcase classname="testNGKeywords.TimeOut" name="D" time="0.001"/>
  <system-out>
    <![CDATA[My Method D is Running]]>
  </system-out>
  <testcase classname="testNGKeywords.TimeOut" name="A" time="0.017"/>
  <system-out>
    <![CDATA[My Method A is Running]]>
  </system-out>
  <testcase classname="testNGKeywords.TimeOut" name="B" time="0.004"/>
  <system-out>
    <![CDATA[My Method B is Running]]>
  </system-out>
  <testcase classname="testNGKeywords.TimeOut" name="C" time="0.012"/>
  <system-out>
    <![CDATA[My Method C is Running]]>
  </system-out>
</testsuite> <!-- testNGKeywords.TimeOut -->
