<?xml version="1.0" encoding="UTF-8"?>
<!-- Generated by org.testng.reporters.JUnitReportReporter -->
<testsuite hostname="DESKTOP-NIB4TL4" failures="0" tests="1" name="KiteAppTestClass.KiteAppUserValidation" time="7.592" errors="0" timestamp="2022-06-26T18:45:46 IST" skipped="0">
  <testcase classname="KiteAppTestClass.KiteAppUserValidation" name="ValidateUserID" time="7.592"/>
  <system-out>
    <![CDATA[ActualUI and ExpectedUI are Maching TC is passed]]>
  </system-out>
</testsuite> <!-- KiteAppTestClass.KiteAppUserValidation -->
