<?xml version="1.0" encoding="UTF-8"?>
<!-- Generated by org.testng.reporters.JUnitReportReporter -->
<testsuite hostname="DESKTOP-NIB4TL4" failures="0" tests="4" name="testNGKeywords.AllKeywordUse" time="0.036" errors="0" timestamp="2022-06-13T23:05:58 IST" skipped="0">
  <testcase classname="testNGKeywords.AllKeywordUse" name="A" time="0.006"/>
  <system-out>
    <![CDATA[My Method A is Running]]>
  </system-out>
  <testcase classname="testNGKeywords.AllKeywordUse" name="B" time="0.017"/>
  <system-out>
    <![CDATA[My Method B is Running]]>
  </system-out>
  <testcase classname="testNGKeywords.AllKeywordUse" name="C" time="0.006"/>
  <system-out>
    <![CDATA[My Method C is Running]]>
  </system-out>
  <testcase classname="testNGKeywords.AllKeywordUse" name="D" time="0.007"/>
  <system-out>
    <![CDATA[My Method D is Running]]>
  </system-out>
</testsuite> <!-- testNGKeywords.AllKeywordUse -->
