<?xml version="1.0" encoding="UTF-8"?>
<!-- Generated by org.testng.reporters.JUnitReportReporter -->
<testsuite hostname="DESKTOP-NIB4TL4" failures="0" tests="5" name="testNGKeywords.AllKeysNew" time="0.027" errors="0" timestamp="2022-06-14T00:21:19 IST" skipped="1">
  <testcase classname="testNGKeywords.AllKeysNew" name="D" time="0.011"/>
  <system-out>
    <![CDATA[My Method D is Running]]>
  </system-out>
  <testcase classname="testNGKeywords.AllKeysNew" name="B" time="0.008"/>
  <system-out>
    <![CDATA[My Method B is Running]]>
  </system-out>
  <testcase classname="testNGKeywords.AllKeysNew" name="C" time="0.008"/>
  <system-out>
    <![CDATA[My Method C is Running]]>
  </system-out>
  <testcase classname="testNGKeywords.AllKeysNew" name="E" time="0.000"/>
  <system-out>
    <![CDATA[My Method E is Running]]>
  </system-out>
  <testcase classname="testNGKeywords.AllKeysNew" name="A">
    <skipped/>
  </testcase> <!-- A -->
  <system-out/>
</testsuite> <!-- testNGKeywords.AllKeysNew -->
