<?xml version="1.0" encoding="UTF-8"?>
<!-- Generated by org.testng.reporters.JUnitReportReporter -->
<testsuite hostname="DESKTOP-NIB4TL4" failures="0" tests="1" name="testNGHardAsserts.EqualsNotEquals" time="36.292" errors="0" timestamp="2022-06-25T17:08:55 IST" skipped="0">
  <testcase classname="testNGHardAsserts.EqualsNotEquals" name="EqualAndNotEqualMethod" time="36.292"/>
  <system-out>
    <![CDATA[Actual text and Expected Text is not maching so TC is passed]]>
  </system-out>
</testsuite> <!-- testNGHardAsserts.EqualsNotEquals -->
