<?xml version="1.0" encoding="UTF-8"?>
<!-- Generated by org.testng.reporters.JUnitReportReporter -->
<testsuite hostname="DESKTOP-NIB4TL4" failures="0" tests="1" name="testNGserialParallel.class1" time="15.818" errors="0" timestamp="2022-06-25T16:51:53 IST" skipped="0">
  <testcase classname="testNGserialParallel.class1" name="myMethod" time="15.818"/>
  <system-out>
    <![CDATA[myMethod is Running]]>
  </system-out>
</testsuite> <!-- testNGserialParallel.class1 -->
