<?xml version="1.0" encoding="UTF-8"?>
<!-- Generated by org.testng.reporters.JUnitReportReporter -->
<testsuite hostname="DESKTOP-NIB4TL4" failures="0" tests="1" name="testNGcrossBrowser.SimpleEdgeRun" time="11.943" errors="0" timestamp="2022-06-19T20:40:01 IST" skipped="0">
  <testcase classname="testNGcrossBrowser.SimpleEdgeRun" name="OpenFacebook" time="11.943"/>
  <system-out/>
</testsuite> <!-- testNGcrossBrowser.SimpleEdgeRun -->
