<?xml version="1.0" encoding="UTF-8"?>
<!-- Generated by org.testng.reporters.JUnitReportReporter -->
<testsuite hostname="DESKTOP-NIB4TL4" failures="0" tests="1" name="testNGserialParallel.class2" time="15.659" errors="0" timestamp="2022-06-25T16:51:53 IST" skipped="0">
  <testcase classname="testNGserialParallel.class2" name="myMethod1" time="15.659"/>
  <system-out>
    <![CDATA[myMethod1 is Running]]>
  </system-out>
</testsuite> <!-- testNGserialParallel.class2 -->
