<?xml version="1.0" encoding="UTF-8"?>
<!-- Generated by org.testng.reporters.JUnitReportReporter -->
<testsuite hostname="DESKTOP-NIB4TL4" failures="0" tests="4" name="testNGKeywords.InvocationCountUse" time="0.037" errors="0" timestamp="2022-06-25T15:53:44 IST" skipped="0">
  <testcase classname="testNGKeywords.InvocationCountUse" name="myMethod" time="0.020"/>
  <system-out>
    <![CDATA[My Method is Running]]>
  </system-out>
  <testcase classname="testNGKeywords.InvocationCountUse" name="myMethod" time="0.012"/>
  <system-out>
    <![CDATA[My Method is Running]]>
  </system-out>
  <testcase classname="testNGKeywords.InvocationCountUse" name="myMethod" time="0.003"/>
  <system-out>
    <![CDATA[My Method is Running]]>
  </system-out>
  <testcase classname="testNGKeywords.InvocationCountUse" name="myMethod" time="0.002"/>
  <system-out>
    <![CDATA[My Method is Running]]>
  </system-out>
</testsuite> <!-- testNGKeywords.InvocationCountUse -->
