<?xml version="1.0" encoding="UTF-8"?>
<!-- Generated by org.testng.reporters.JUnitReportReporter -->
<testsuite hostname="DESKTOP-NIB4TL4" failures="0" tests="4" name="testNG.Annotations" time="0.052" errors="0" timestamp="2022-06-12T08:29:20 IST" skipped="0">
  <testcase classname="testNG.Annotations" name="method2" time="0.004"/>
  <system-out>
    <![CDATA[Test Method 2 is Running]]>
  </system-out>
  <testcase classname="testNG.Annotations" name="method3" time="0.010"/>
  <system-out>
    <![CDATA[Test Method 3 is Running]]>
  </system-out>
  <testcase classname="testNG.Annotations" name="method4" time="0.025"/>
  <system-out>
    <![CDATA[Test Method 4 is Running]]>
  </system-out>
  <testcase classname="testNG.Annotations" name="method1" time="0.013"/>
  <system-out>
    <![CDATA[Test Method 1 is Running]]>
  </system-out>
</testsuite> <!-- testNG.Annotations -->
