<?xml version="1.0" encoding="UTF-8"?>
<!-- Generated by org.testng.reporters.JUnitReportReporter -->
<testsuite hostname="DESKTOP-NIB4TL4" failures="0" tests="5" name="testNGSuiteUse.Include" time="0.038" errors="0" timestamp="2022-06-13T12:01:41 IST" skipped="0">
  <testcase classname="testNGSuiteUse.Include" name="method4" time="0.005"/>
  <system-out>
    <![CDATA[My Method 4 is Running]]>
  </system-out>
  <testcase classname="testNGSuiteUse.Include" name="method1" time="0.022"/>
  <system-out>
    <![CDATA[My Method 1 is Running]]>
  </system-out>
  <testcase classname="testNGSuiteUse.Include" name="method2" time="0.004"/>
  <system-out>
    <![CDATA[My Method 2 is Running]]>
  </system-out>
  <testcase classname="testNGSuiteUse.Include" name="method3" time="0.005"/>
  <system-out>
    <![CDATA[My Method 3 is Running]]>
  </system-out>
  <testcase classname="testNGSuiteUse.Include" name="method5" time="0.002"/>
  <system-out>
    <![CDATA[My Method 5 is Running]]>
  </system-out>
</testsuite> <!-- testNGSuiteUse.Include -->
