<?xml version="1.0" encoding="UTF-8"?>
<!-- Generated by org.testng.reporters.JUnitReportReporter -->
<testsuite hostname="DESKTOP-NIB4TL4" failures="0" tests="1" name="frameWorkWithParameterization.TestClassUsingTestNG" time="7.235" errors="0" timestamp="2022-06-20T14:12:25 IST" skipped="0">
  <testcase classname="frameWorkWithParameterization.TestClassUsingTestNG" name="validationNG" time="7.235"/>
  <system-out>
    <![CDATA[UserID is maching TC is Passed]]>
  </system-out>
</testsuite> <!-- frameWorkWithParameterization.TestClassUsingTestNG -->
