<?xml version="1.0" encoding="UTF-8"?>
<!-- Generated by org.testng.reporters.JUnitReportReporter -->
<testsuite hostname="DESKTOP-NIB4TL4" failures="0" tests="3" name="testngXMLuse.MyClass2" time="0.025" errors="0" timestamp="2022-06-25T16:23:41 IST" skipped="0">
  <testcase classname="testngXMLuse.MyClass2" name="method10" time="0.010"/>
  <system-out>
    <![CDATA[My Method 10 is Running]]>
  </system-out>
  <testcase classname="testngXMLuse.MyClass2" name="method6" time="0.006"/>
  <system-out>
    <![CDATA[My Method 6 is Running]]>
  </system-out>
  <testcase classname="testngXMLuse.MyClass2" name="method9" time="0.009"/>
  <system-out>
    <![CDATA[My Method 9 is Running]]>
  </system-out>
</testsuite> <!-- testngXMLuse.MyClass2 -->
