<?xml version="1.0" encoding="UTF-8"?>
<!-- Generated by org.testng.reporters.JUnitReportReporter -->
<testsuite hostname="DESKTOP-NIB4TL4" failures="0" tests="1" name="testNGserialParallel.class3" time="18.775" errors="0" timestamp="2022-06-25T16:51:53 IST" skipped="0">
  <testcase classname="testNGserialParallel.class3" name="myMethod2" time="18.775"/>
  <system-out>
    <![CDATA[myMethod2 is Running]]>
  </system-out>
</testsuite> <!-- testNGserialParallel.class3 -->
