<?xml version="1.0" encoding="UTF-8"?>
<!-- Generated by org.testng.reporters.JUnitReportReporter -->
<testsuite hostname="DESKTOP-NIB4TL4" failures="0" tests="3" name="testNG.Basic" time="51.351" errors="0" timestamp="2022-06-09T14:25:43 IST" skipped="0">
  <testcase classname="testNG.Basic" name="myMethod1" time="7.141"/>
  <system-out>
    <![CDATA[myMethod1 is Running]]>
  </system-out>
  <testcase classname="testNG.Basic" name="myMethod" time="9.591"/>
  <system-out/>
  <testcase classname="testNG.Basic" name="myMethod2" time="34.619"/>
  <system-out>
    <![CDATA[myMethod2 is Running]]>
  </system-out>
</testsuite> <!-- testNG.Basic -->
