<?xml version="1.0" encoding="UTF-8"?>
<!-- Generated by org.testng.reporters.JUnitReportReporter -->
<testsuite hostname="DESKTOP-NIB4TL4" failures="0" tests="4" name="testNGgrouping.MyClass1" time="0.036" errors="0" timestamp="2022-06-25T16:31:28 IST" skipped="0">
  <testcase classname="testNGgrouping.MyClass1" name="method2" time="0.004"/>
  <system-out>
    <![CDATA[My Method 2 is Running]]>
  </system-out>
  <testcase classname="testNGgrouping.MyClass1" name="method1" time="0.018"/>
  <system-out>
    <![CDATA[My Method 1 is Running]]>
  </system-out>
  <testcase classname="testNGgrouping.MyClass1" name="method4" time="0.010"/>
  <system-out>
    <![CDATA[My Method 4 is Running]]>
  </system-out>
  <testcase classname="testNGgrouping.MyClass1" name="method5" time="0.004"/>
  <system-out>
    <![CDATA[My Method 5 is Running]]>
  </system-out>
</testsuite> <!-- testNGgrouping.MyClass1 -->
