<?xml version="1.0" encoding="UTF-8"?>
<!-- Generated by org.testng.reporters.JUnitReportReporter -->
<testsuite hostname="DESKTOP-NIB4TL4" failures="0" tests="4" name="testNGKeywords.EnabledUse" time="0.037" errors="0" timestamp="2022-06-25T15:59:52 IST" skipped="1">
  <testcase classname="testNGKeywords.EnabledUse" name="A" time="0.027"/>
  <system-out>
    <![CDATA[My Method A is Running]]>
  </system-out>
  <testcase classname="testNGKeywords.EnabledUse" name="B" time="0.005"/>
  <system-out>
    <![CDATA[My Method B is Running]]>
  </system-out>
  <testcase classname="testNGKeywords.EnabledUse" name="D" time="0.005"/>
  <system-out>
    <![CDATA[My Method D is Running]]>
  </system-out>
  <testcase classname="testNGKeywords.EnabledUse" name="C">
    <skipped/>
  </testcase> <!-- C -->
  <system-out/>
</testsuite> <!-- testNGKeywords.EnabledUse -->
