<?xml version="1.0" encoding="UTF-8"?>
<!-- Generated by org.testng.reporters.JUnitReportReporter -->
<testsuite hostname="DESKTOP-NIB4TL4" failures="0" tests="1" name="testNGHardAsserts.NullNotNull" time="0.031" errors="0" timestamp="2022-06-25T17:15:32 IST" skipped="0">
  <testcase classname="testNGHardAsserts.NullNotNull" name="myMethod" time="0.031"/>
  <system-out/>
</testsuite> <!-- testNGHardAsserts.NullNotNull -->
