<?xml version="1.0" encoding="UTF-8"?>
<!-- Generated by org.testng.reporters.JUnitReportReporter -->
<testsuite hostname="DESKTOP-NIB4TL4" failures="0" tests="1" name="testNGHardAsserts.TrueFalse" time="71.628" errors="0" timestamp="2022-06-25T17:20:08 IST" skipped="0">
  <testcase classname="testNGHardAsserts.TrueFalse" name="myMethod" time="71.628"/>
  <system-out>
    <![CDATA[Check box is not selected TC is Passed]]>
  </system-out>
</testsuite> <!-- testNGHardAsserts.TrueFalse -->
