<?xml version="1.0" encoding="UTF-8"?>
<!-- Generated by org.testng.reporters.JUnitReportReporter -->
<testsuite hostname="DESKTOP-NIB4TL4" failures="0" tests="4" name="testNGAnnotations.Annotations" time="0.063" errors="0" timestamp="2022-06-25T15:32:00 IST" skipped="0">
  <testcase classname="testNGAnnotations.Annotations" name="method2" time="0.012"/>
  <system-out>
    <![CDATA[Test Method 2 is Running]]>
  </system-out>
  <testcase classname="testNGAnnotations.Annotations" name="method3" time="0.013"/>
  <system-out>
    <![CDATA[Test Method 3 is Running]]>
  </system-out>
  <testcase classname="testNGAnnotations.Annotations" name="method4" time="0.014"/>
  <system-out>
    <![CDATA[Test Method 4 is Running]]>
  </system-out>
  <testcase classname="testNGAnnotations.Annotations" name="method1" time="0.024"/>
  <system-out>
    <![CDATA[Test Method 1 is Running]]>
  </system-out>
</testsuite> <!-- testNGAnnotations.Annotations -->
