<?xml version="1.0" encoding="UTF-8"?>
<!-- Generated by org.testng.reporters.JUnitReportReporter -->
<testsuite hostname="DESKTOP-NIB4TL4" failures="0" tests="5" name="testNGFailed.f1" time="0.040" errors="0" timestamp="2022-06-15T11:00:34 IST" skipped="0">
  <testcase classname="testNGFailed.f1" name="method3" time="0.014"/>
  <system-out>
    <![CDATA[My Method 3 is Running]]>
  </system-out>
  <testcase classname="testNGFailed.f1" name="method1" time="0.009"/>
  <system-out>
    <![CDATA[My Method 1 is Running]]>
  </system-out>
  <testcase classname="testNGFailed.f1" name="method4" time="0.005"/>
  <system-out>
    <![CDATA[My Method 4 is Running]]>
  </system-out>
  <testcase classname="testNGFailed.f1" name="method2" time="0.003"/>
  <system-out>
    <![CDATA[My Method 2 is Running]]>
  </system-out>
  <testcase classname="testNGFailed.f1" name="method5" time="0.009"/>
  <system-out>
    <![CDATA[My Method 5 is Running]]>
  </system-out>
</testsuite> <!-- testNGFailed.f1 -->
